[01m[K/home/DATA/DogRobot/ros2_ws/src/wit_pkg/src/readIMU.cpp:32:7:[m[K [01;31m[Kerror: [m[Kexpected identifier before numeric constant
   32 | float[[01;31m[K3[m[K] angle = [0, 0, 0];
      |       [01;31m[K^[m[K
[01m[K/home/DATA/DogRobot/ros2_ws/src/wit_pkg/src/readIMU.cpp:32:7:[m[K [01;31m[Kerror: [m[Kexpected â€˜[01m[K][m[Kâ€™ before numeric constant
   32 | float[[01;31m[K3[m[K] angle = [0, 0, 0];
      |       [01;31m[K^[m[K
      |       [32m[K][m[K
[01m[K/home/DATA/DogRobot/ros2_ws/src/wit_pkg/src/readIMU.cpp:32:6:[m[K [01;31m[Kerror: [m[Kstructured binding declaration cannot have type â€˜[01m[Kfloat[m[Kâ€™
   32 | float[01;31m[K[[m[K3] angle = [0, 0, 0];
      |      [01;31m[K^[m[K
[01m[K/home/DATA/DogRobot/ros2_ws/src/wit_pkg/src/readIMU.cpp:32:6:[m[K [01;36m[Knote: [m[Ktype must be cv-qualified â€˜[01m[Kauto[m[Kâ€™ or reference to cv-qualified â€˜[01m[Kauto[m[Kâ€™
[01m[K/home/DATA/DogRobot/ros2_ws/src/wit_pkg/src/readIMU.cpp:32:6:[m[K [01;31m[Kerror: [m[Kempty structured binding declaration
[01m[K/home/DATA/DogRobot/ros2_ws/src/wit_pkg/src/readIMU.cpp:32:10:[m[K [01;31m[Kerror: [m[Kexpected initializer before â€˜[01m[Kangle[m[Kâ€™
   32 | float[3] [01;31m[Kangle[m[K = [0, 0, 0];
      |          [01;31m[K^~~~~[m[K
[01m[K/home/DATA/DogRobot/ros2_ws/src/wit_pkg/src/readIMU.cpp:[m[K In function â€˜[01m[Kvoid[01;32m[K responseFunction[m[K(std::shared_ptr<custom_interfaces::srv::IMU_Request_<std::allocator<void> > >, std::shared_ptr<custom_interfaces::srv::IMU_Response_<std::allocator<void> > >)[m[Kâ€™:
[01m[K/home/DATA/DogRobot/ros2_ws/src/wit_pkg/src/readIMU.cpp:38:27:[m[K [01;31m[Kerror: [m[Kâ€˜[01m[Kangle[m[Kâ€™ was not declared in this scope
   38 |         response->angle = [01;31m[Kangle[m[K;
      |                           [01;31m[K^~~~~[m[K
[01m[K/home/DATA/DogRobot/ros2_ws/src/wit_pkg/src/readIMU.cpp:35:1:[m[K [01;35m[Kwarning: [m[Kunused parameter â€˜[01m[Krequest[m[Kâ€™ [[01;35m[K]8;;https://gcc.gnu.org/onlinedocs/gcc/Warning-Options.html#index-Wunused-parameter-Wunused-parameter]8;;[m[K]
   34 | void responseFunction([01;35m[Kconst std::shared_ptr<custom_interfaces::srv::IMU::Request>[m[K
      |                       [01;35m[K~~~~~~~~~~~~~~~~~~~~~~~~~~~~~~~~~~~~~~~~~~~~~~~~~~~~~~~~~~~[m[K
   35 | [01;35m[Krequest[m[K, std::shared_ptr<custom_interfaces::srv::IMU::Response> response)
      | [01;35m[K^~~~~~~[m[K
[01m[K/home/DATA/DogRobot/ros2_ws/src/wit_pkg/src/readIMU.cpp:[m[K In function â€˜[01m[Kint[01;32m[K main[m[K(int, char**)[m[Kâ€™:
[01m[K/home/DATA/DogRobot/ros2_ws/src/wit_pkg/src/readIMU.cpp:130:33:[m[K [01;31m[Kerror: [m[Kâ€˜[01m[Kangle[m[Kâ€™ was not declared in this scope; did you mean â€˜[01m[KfAngle[m[Kâ€™?
  130 |                                 [01;31m[Kangle[m[K = fAngle;
      |                                 [01;31m[K^~~~~[m[K
      |                                 [32m[KfAngle[m[K
[01m[K/home/DATA/DogRobot/ros2_ws/src/wit_pkg/src/readIMU.cpp:89:17:[m[K [01;35m[Kwarning: [m[Kunused variable â€˜[01m[Kret[m[Kâ€™ [[01;35m[K]8;;https://gcc.gnu.org/onlinedocs/gcc/Warning-Options.html#index-Wunused-variable-Wunused-variable]8;;[m[K]
   89 |         int i , [01;35m[Kret[m[K;
      |                 [01;35m[K^~~[m[K
[01m[K/home/DATA/DogRobot/ros2_ws/src/wit_pkg/src/readIMU.cpp:[m[K In function â€˜[01m[Kvoid[01;32m[K SensorDataUpdata[m[K(uint32_t, uint32_t)[m[Kâ€™:
[01m[K/home/DATA/DogRobot/ros2_ws/src/wit_pkg/src/readIMU.cpp:150:18:[m[K [01;35m[Kwarning: [m[Kcomparison of integer expressions of different signedness: â€˜[01m[Kint[m[Kâ€™ and â€˜[01m[Kuint32_t[m[Kâ€™ {aka â€˜[01m[Kunsigned int[m[Kâ€™} [[01;35m[K]8;;https://gcc.gnu.org/onlinedocs/gcc/Warning-Options.html#index-Wsign-compare-Wsign-compare]8;;[m[K]
  150 |     for(i = 0; [01;35m[Ki < uiRegNum[m[K; i++)
      |                [01;35m[K~~^~~~~~~~~~[m[K
gmake[2]: *** [CMakeFiles/readIMU.dir/build.make:76: CMakeFiles/readIMU.dir/src/readIMU.cpp.o] Error 1
gmake[1]: *** [CMakeFiles/Makefile2:194: CMakeFiles/readIMU.dir/all] Error 2
gmake: *** [Makefile:146: all] Error 2
