[0.013s] Invoking command in '/home/DATA/DogRobot/ros2_ws/build/wit_pkg': AMENT_PREFIX_PATH=/home/DATA/DogRobot/ros2_ws/install/custom_interfaces:${AMENT_PREFIX_PATH} CMAKE_PREFIX_PATH=/home/DATA/DogRobot/ros2_ws/install/custom_interfaces:/opt/ros/jazzy/opt/gz_sim_vendor:/opt/ros/jazzy/opt/gz_sensors_vendor:/opt/ros/jazzy/opt/gz_physics_vendor:/opt/ros/jazzy/opt/sdformat_vendor:/opt/ros/jazzy/opt/gz_gui_vendor:/opt/ros/jazzy/opt/gz_transport_vendor:/opt/ros/jazzy/opt/gz_rendering_vendor:/opt/ros/jazzy/opt/gz_plugin_vendor:/opt/ros/jazzy/opt/gz_fuel_tools_vendor:/opt/ros/jazzy/opt/gz_msgs_vendor:/opt/ros/jazzy/opt/gz_common_vendor:/opt/ros/jazzy/opt/gz_math_vendor:/opt/ros/jazzy/opt/gz_utils_vendor:/opt/ros/jazzy/opt/gz_tools_vendor:/opt/ros/jazzy/opt/gz_ogre_next_vendor:/opt/ros/jazzy/opt/gz_dartsim_vendor:/opt/ros/jazzy/opt/gz_cmake_vendor:/opt/ros/jazzy DEBUGINFOD_URLS=https://debuginfod.ubuntu.com LD_LIBRARY_PATH=/home/DATA/DogRobot/ros2_ws/install/custom_interfaces/lib:${LD_LIBRARY_PATH} PYTHONPATH=/home/DATA/DogRobot/ros2_ws/install/custom_interfaces/lib/python3.12/site-packages:${PYTHONPATH} /usr/bin/cmake --build /home/DATA/DogRobot/ros2_ws/build/wit_pkg -- -j8 -l8
[0.070s] [ 66%] Built target serial
[0.070s] [ 66%] Built target wit_c_sdk
[0.122s] [ 83%] [32mBuilding CXX object CMakeFiles/readIMU.dir/src/readIMU.cpp.o[0m
[3.385s] [01m[K/home/DATA/DogRobot/ros2_ws/src/wit_pkg/src/readIMU.cpp:[m[K In function â€˜[01m[Kvoid[01;32m[K responseFunction[m[K(std::shared_ptr<custom_interfaces::srv::IMU_Request_<std::allocator<void> > >, std::shared_ptr<custom_interfaces::srv::IMU_Response_<std::allocator<void> > >)[m[Kâ€™:
[3.385s] [01m[K/home/DATA/DogRobot/ros2_ws/src/wit_pkg/src/readIMU.cpp:33:1:[m[K [01;35m[Kwarning: [m[Kunused parameter â€˜[01m[Krequest[m[Kâ€™ [[01;35m[K]8;;https://gcc.gnu.org/onlinedocs/gcc/Warning-Options.html#index-Wunused-parameter-Wunused-parameter]8;;[m[K]
[3.385s]    32 | void responseFunction([01;35m[Kconst std::shared_ptr<custom_interfaces::srv::IMU::Request>[m[K
[3.385s]       |                       [01;35m[K~~~~~~~~~~~~~~~~~~~~~~~~~~~~~~~~~~~~~~~~~~~~~~~~~~~~~~~~~~~[m[K
[3.386s]    33 | [01;35m[Krequest[m[K, std::shared_ptr<custom_interfaces::srv::IMU::Response> response)
[3.386s]       | [01;35m[K^~~~~~~[m[K
[3.386s] [01m[K/home/DATA/DogRobot/ros2_ws/src/wit_pkg/src/readIMU.cpp:33:65:[m[K [01;35m[Kwarning: [m[Kunused parameter â€˜[01m[Kresponse[m[Kâ€™ [[01;35m[K]8;;https://gcc.gnu.org/onlinedocs/gcc/Warning-Options.html#index-Wunused-parameter-Wunused-parameter]8;;[m[K]
[3.386s]    33 | request, [01;35m[Kstd::shared_ptr<custom_interfaces::srv::IMU::Response> response[m[K)
[3.386s]       |          [01;35m[K~~~~~~~~~~~~~~~~~~~~~~~~~~~~~~~~~~~~~~~~~~~~~~~~~~~~~~~^~~~~~~~[m[K
[3.391s] [01m[K/home/DATA/DogRobot/ros2_ws/src/wit_pkg/src/readIMU.cpp:[m[K At global scope:
[3.391s] [01m[K/home/DATA/DogRobot/ros2_ws/src/wit_pkg/src/readIMU.cpp:42:32:[m[K [01;31m[Kerror: [m[Kâ€˜[01m[KMyNode[m[Kâ€™ was not declared in this scope
[3.391s]    42 | void spin_node(std::shared_ptr<[01;31m[KMyNode[m[K> node) {
[3.391s]       |                                [01;31m[K^~~~~~[m[K
[3.391s] [01m[K/home/DATA/DogRobot/ros2_ws/src/wit_pkg/src/readIMU.cpp:42:38:[m[K [01;31m[Kerror: [m[Ktemplate argument 1 is invalid
[3.391s]    42 | void spin_node(std::shared_ptr<MyNode[01;31m[K>[m[K node) {
[3.391s]       |                                      [01;31m[K^[m[K
[3.391s] [01m[K/home/DATA/DogRobot/ros2_ws/src/wit_pkg/src/readIMU.cpp:[m[K In function â€˜[01m[Kvoid[01;32m[K spin_node[m[K(int)[m[Kâ€™:
[3.392s] [01m[K/home/DATA/DogRobot/ros2_ws/src/wit_pkg/src/readIMU.cpp:43:17:[m[K [01;31m[Kerror: [m[Kno matching function for call to â€˜[01m[Kspin(int&)[m[Kâ€™
[3.392s]    43 |     [01;31m[Krclcpp::spin(node)[m[K;
[3.392s]       |     [01;31m[K~~~~~~~~~~~~^~~~~~[m[K
[3.392s] In file included from [01m[K/opt/ros/jazzy/include/rclcpp/rclcpp/rclcpp.hpp:172[m[K,
[3.392s]                  from [01m[K/home/DATA/DogRobot/ros2_ws/src/wit_pkg/src/readIMU.cpp:9[m[K:
[3.392s] [01m[K/opt/ros/jazzy/include/rclcpp/rclcpp/executors.hpp:58:1:[m[K [01;36m[Knote: [m[Kcandidate: â€˜[01m[Kvoid rclcpp::[01;32m[Kspin[m[K(node_interfaces::NodeBaseInterface::SharedPtr)[m[Kâ€™
[3.392s]    58 | [01;36m[Kspin[m[K(rclcpp::node_interfaces::NodeBaseInterface::SharedPtr node_ptr);
[3.392s]       | [01;36m[K^~~~[m[K
[3.392s] [01m[K/opt/ros/jazzy/include/rclcpp/rclcpp/executors.hpp:58:60:[m[K [01;36m[Knote: [m[K  no known conversion for argument 1 from â€˜[01m[Kint[m[Kâ€™ to â€˜[01m[Krclcpp::node_interfaces::NodeBaseInterface::SharedPtr[m[Kâ€™ {aka â€˜[01m[Kstd::shared_ptr<rclcpp::node_interfaces::NodeBaseInterface>[m[Kâ€™}
[3.392s]    58 | spin([01;36m[Krclcpp::node_interfaces::NodeBaseInterface::SharedPtr node_ptr[m[K);
[3.392s]       |      [01;36m[K~~~~~~~~~~~~~~~~~~~~~~~~~~~~~~~~~~~~~~~~~~~~~~~~~~~~~~^~~~~~~~[m[K
[3.393s] [01m[K/opt/ros/jazzy/include/rclcpp/rclcpp/executors.hpp:62:1:[m[K [01;36m[Knote: [m[Kcandidate: â€˜[01m[Kvoid rclcpp::[01;32m[Kspin[m[K(Node::SharedPtr)[m[Kâ€™
[3.393s]    62 | [01;36m[Kspin[m[K(rclcpp::Node::SharedPtr node_ptr);
[3.393s]       | [01;36m[K^~~~[m[K
[3.393s] [01m[K/opt/ros/jazzy/include/rclcpp/rclcpp/executors.hpp:62:30:[m[K [01;36m[Knote: [m[K  no known conversion for argument 1 from â€˜[01m[Kint[m[Kâ€™ to â€˜[01m[Krclcpp::Node::SharedPtr[m[Kâ€™ {aka â€˜[01m[Kstd::shared_ptr<rclcpp::Node>[m[Kâ€™}
[3.393s]    62 | spin([01;36m[Krclcpp::Node::SharedPtr node_ptr[m[K);
[3.393s]       |      [01;36m[K~~~~~~~~~~~~~~~~~~~~~~~~^~~~~~~~[m[K
[3.408s] [01m[K/home/DATA/DogRobot/ros2_ws/src/wit_pkg/src/readIMU.cpp:[m[K In function â€˜[01m[Kint[01;32m[K main[m[K(int, char**)[m[Kâ€™:
[3.408s] [01m[K/home/DATA/DogRobot/ros2_ws/src/wit_pkg/src/readIMU.cpp:88:17:[m[K [01;35m[Kwarning: [m[Kunused variable â€˜[01m[Kret[m[Kâ€™ [[01;35m[K]8;;https://gcc.gnu.org/onlinedocs/gcc/Warning-Options.html#index-Wunused-variable-Wunused-variable]8;;[m[K]
[3.408s]    88 |         int i , [01;35m[Kret[m[K;
[3.408s]       |                 [01;35m[K^~~[m[K
[3.409s] [01m[K/home/DATA/DogRobot/ros2_ws/src/wit_pkg/src/readIMU.cpp:[m[K In function â€˜[01m[Kvoid[01;32m[K SensorDataUpdata[m[K(uint32_t, uint32_t)[m[Kâ€™:
[3.409s] [01m[K/home/DATA/DogRobot/ros2_ws/src/wit_pkg/src/readIMU.cpp:148:18:[m[K [01;35m[Kwarning: [m[Kcomparison of integer expressions of different signedness: â€˜[01m[Kint[m[Kâ€™ and â€˜[01m[Kuint32_t[m[Kâ€™ {aka â€˜[01m[Kunsigned int[m[Kâ€™} [[01;35m[K]8;;https://gcc.gnu.org/onlinedocs/gcc/Warning-Options.html#index-Wsign-compare-Wsign-compare]8;;[m[K]
[3.409s]   148 |     for(i = 0; [01;35m[Ki < uiRegNum[m[K; i++)
[3.409s]       |                [01;35m[K~~^~~~~~~~~~[m[K
[3.593s] In file included from [01m[K/usr/include/c++/13/thread:45[m[K,
[3.593s]                  from [01m[K/home/DATA/DogRobot/ros2_ws/src/wit_pkg/src/readIMU.cpp:7[m[K:
[3.593s] /usr/include/c++/13/bits/std_thread.h: In instantiation of â€˜[01m[Kstd::thread::[01;32m[Kthread[m[K(_Callable&&, _Args&& ...) [35m[K[with _Callable = void (&)(int); _Args = {std::shared_ptr<rclcpp::Node>&}; <template-parameter-1-3> = void][m[K[m[Kâ€™:
[3.593s] [01m[K/home/DATA/DogRobot/ros2_ws/src/wit_pkg/src/readIMU.cpp:58:44:[m[K   required from here
[3.594s] [01m[K/usr/include/c++/13/bits/std_thread.h:157:72:[m[K [01;31m[Kerror: [m[Kstatic assertion failed: std::thread arguments must be invocable after conversion to rvalues
[3.594s]   157 |                                       typename decay<_Args>::type...>::[01;31m[Kvalue[m[K,
[3.594s]       |                                                                        [01;31m[K^~~~~[m[K
[3.594s] [01m[K/usr/include/c++/13/bits/std_thread.h:157:72:[m[K [01;36m[Knote: [m[Kâ€˜[01m[Kstd::integral_constant<bool, false>::value[m[Kâ€™ evaluates to false
[3.597s] /usr/include/c++/13/bits/std_thread.h: In instantiation of â€˜[01m[Kstruct std::thread::_Invoker<std::tuple<void (*)(int), std::shared_ptr<rclcpp::Node> > >[m[Kâ€™:
[3.597s] [01m[K/usr/include/c++/13/bits/std_thread.h:236:13:[m[K   required from â€˜[01m[Kstruct std::thread::_State_impl<std::thread::_Invoker<std::tuple<void (*)(int), std::shared_ptr<rclcpp::Node> > > >[m[Kâ€™
[3.598s] [01m[K/usr/include/c++/13/bits/std_thread.h:164:29:[m[K   required from â€˜[01m[Kstd::thread::[01;32m[Kthread[m[K(_Callable&&, _Args&& ...) [35m[K[with _Callable = void (&)(int); _Args = {std::shared_ptr<rclcpp::Node>&}; <template-parameter-1-3> = void][m[K[m[Kâ€™
[3.598s] [01m[K/home/DATA/DogRobot/ros2_ws/src/wit_pkg/src/readIMU.cpp:58:44:[m[K   required from here
[3.598s] [01m[K/usr/include/c++/13/bits/std_thread.h:291:11:[m[K [01;31m[Kerror: [m[Kno type named â€˜[01m[Ktype[m[Kâ€™ in â€˜[01m[Kstruct std::thread::_Invoker<std::tuple<void (*)(int), std::shared_ptr<rclcpp::Node> > >::__result<std::tuple<void (*)(int), std::shared_ptr<rclcpp::Node> > >[m[Kâ€™
[3.598s]   291 |           [01;31m[K_M_invoke[m[K(_Index_tuple<_Ind...>)
[3.598s]       |           [01;31m[K^~~~~~~~~[m[K
[3.598s] [01m[K/usr/include/c++/13/bits/std_thread.h:295:9:[m[K [01;31m[Kerror: [m[Kno type named â€˜[01m[Ktype[m[Kâ€™ in â€˜[01m[Kstruct std::thread::_Invoker<std::tuple<void (*)(int), std::shared_ptr<rclcpp::Node> > >::__result<std::tuple<void (*)(int), std::shared_ptr<rclcpp::Node> > >[m[Kâ€™
[3.598s]   295 |         [01;31m[Koperator[m[K()()
[3.598s]       |         [01;31m[K^~~~~~~~[m[K
[4.726s] gmake[2]: *** [CMakeFiles/readIMU.dir/build.make:76: CMakeFiles/readIMU.dir/src/readIMU.cpp.o] Error 1
[4.726s] gmake[1]: *** [CMakeFiles/Makefile2:194: CMakeFiles/readIMU.dir/all] Error 2
[4.726s] gmake: *** [Makefile:146: all] Error 2
[4.730s] Invoked command in '/home/DATA/DogRobot/ros2_ws/build/wit_pkg' returned '2': AMENT_PREFIX_PATH=/home/DATA/DogRobot/ros2_ws/install/custom_interfaces:${AMENT_PREFIX_PATH} CMAKE_PREFIX_PATH=/home/DATA/DogRobot/ros2_ws/install/custom_interfaces:/opt/ros/jazzy/opt/gz_sim_vendor:/opt/ros/jazzy/opt/gz_sensors_vendor:/opt/ros/jazzy/opt/gz_physics_vendor:/opt/ros/jazzy/opt/sdformat_vendor:/opt/ros/jazzy/opt/gz_gui_vendor:/opt/ros/jazzy/opt/gz_transport_vendor:/opt/ros/jazzy/opt/gz_rendering_vendor:/opt/ros/jazzy/opt/gz_plugin_vendor:/opt/ros/jazzy/opt/gz_fuel_tools_vendor:/opt/ros/jazzy/opt/gz_msgs_vendor:/opt/ros/jazzy/opt/gz_common_vendor:/opt/ros/jazzy/opt/gz_math_vendor:/opt/ros/jazzy/opt/gz_utils_vendor:/opt/ros/jazzy/opt/gz_tools_vendor:/opt/ros/jazzy/opt/gz_ogre_next_vendor:/opt/ros/jazzy/opt/gz_dartsim_vendor:/opt/ros/jazzy/opt/gz_cmake_vendor:/opt/ros/jazzy DEBUGINFOD_URLS=https://debuginfod.ubuntu.com LD_LIBRARY_PATH=/home/DATA/DogRobot/ros2_ws/install/custom_interfaces/lib:${LD_LIBRARY_PATH} PYTHONPATH=/home/DATA/DogRobot/ros2_ws/install/custom_interfaces/lib/python3.12/site-packages:${PYTHONPATH} /usr/bin/cmake --build /home/DATA/DogRobot/ros2_ws/build/wit_pkg -- -j8 -l8
