[0.013s] Invoking command in '/home/DATA/DogRobot/ros2_ws/build/wit_pkg': CMAKE_PREFIX_PATH=/home/DATA/DogRobot/ros2_ws/install/custom_interfaces:/home/DATA/DogRobot/ros2_ws/install/wit_pkg:/opt/ros/jazzy/opt/gz_sim_vendor:/opt/ros/jazzy/opt/gz_sensors_vendor:/opt/ros/jazzy/opt/gz_physics_vendor:/opt/ros/jazzy/opt/sdformat_vendor:/opt/ros/jazzy/opt/gz_gui_vendor:/opt/ros/jazzy/opt/gz_transport_vendor:/opt/ros/jazzy/opt/gz_rendering_vendor:/opt/ros/jazzy/opt/gz_plugin_vendor:/opt/ros/jazzy/opt/gz_fuel_tools_vendor:/opt/ros/jazzy/opt/gz_msgs_vendor:/opt/ros/jazzy/opt/gz_common_vendor:/opt/ros/jazzy/opt/gz_math_vendor:/opt/ros/jazzy/opt/gz_utils_vendor:/opt/ros/jazzy/opt/gz_tools_vendor:/opt/ros/jazzy/opt/gz_ogre_next_vendor:/opt/ros/jazzy/opt/gz_dartsim_vendor:/opt/ros/jazzy/opt/gz_cmake_vendor:/home/DATA/DogRobot/ros2_ws/install/my_launch_package:/home/DATA/DogRobot/ros2_ws/install/gamepad_node:/home/DATA/DogRobot/ros2_ws/install/controller:/home/DATA/DogRobot/ros2_ws/install/can_node:/home/DATA/DogRobot/ros2_ws/install/add_integers:/opt/ros/jazzy DEBUGINFOD_URLS=https://debuginfod.ubuntu.com LD_LIBRARY_PATH=/home/DATA/DogRobot/ros2_ws/install/custom_interfaces/lib:/home/DATA/DogRobot/ros2_ws/install/wit_pkg/lib:/opt/ros/jazzy/opt/gz_sim_vendor/lib:/opt/ros/jazzy/opt/gz_sensors_vendor/lib:/opt/ros/jazzy/opt/gz_physics_vendor/lib:/opt/ros/jazzy/opt/sdformat_vendor/lib:/opt/ros/jazzy/opt/rviz_ogre_vendor/lib:/opt/ros/jazzy/lib/x86_64-linux-gnu:/opt/ros/jazzy/opt/gz_gui_vendor/lib:/opt/ros/jazzy/opt/gz_transport_vendor/lib:/opt/ros/jazzy/opt/gz_rendering_vendor/lib:/opt/ros/jazzy/opt/gz_plugin_vendor/lib:/opt/ros/jazzy/opt/gz_fuel_tools_vendor/lib:/opt/ros/jazzy/opt/gz_msgs_vendor/lib:/opt/ros/jazzy/opt/gz_common_vendor/lib:/opt/ros/jazzy/opt/gz_math_vendor/lib:/opt/ros/jazzy/opt/gz_utils_vendor/lib:/opt/ros/jazzy/opt/gz_tools_vendor/lib:/opt/ros/jazzy/opt/gz_ogre_next_vendor/lib:/opt/ros/jazzy/opt/gz_dartsim_vendor/lib:/opt/ros/jazzy/opt/gz_cmake_vendor/lib:/opt/ros/jazzy/lib PYTHONPATH=/home/DATA/DogRobot/ros2_ws/install/custom_interfaces/lib/python3.12/site-packages:/home/DATA/DogRobot/ros2_ws/install/my_launch_package/lib/python3.12/site-packages:/home/DATA/DogRobot/ros2_ws/install/gamepad_node/lib/python3.12/site-packages:/home/DATA/DogRobot/ros2_ws/install/controller/lib/python3.12/site-packages:/home/DATA/DogRobot/ros2_ws/install/can_node/lib/python3.12/site-packages:/home/DATA/DogRobot/ros2_ws/install/add_integers/lib/python3.12/site-packages:/opt/ros/jazzy/lib/python3.12/site-packages /usr/bin/cmake --build /home/DATA/DogRobot/ros2_ws/build/wit_pkg -- -j8 -l8
[0.069s] [ 66%] Built target wit_c_sdk
[0.069s] [ 66%] Built target serial
[0.114s] [ 83%] [32mBuilding CXX object CMakeFiles/readIMU.dir/src/readIMU.cpp.o[0m
[3.770s] [01m[K/home/DATA/DogRobot/ros2_ws/src/wit_pkg/src/readIMU.cpp:[m[K In function â€˜[01m[Kvoid[01;32m[K responseFunction[m[K(std::shared_ptr<custom_interfaces::srv::IMU_Request_<std::allocator<void> > >, std::shared_ptr<custom_interfaces::srv::IMU_Response_<std::allocator<void> > >)[m[Kâ€™:
[3.770s] [01m[K/home/DATA/DogRobot/ros2_ws/src/wit_pkg/src/readIMU.cpp:32:1:[m[K [01;35m[Kwarning: [m[Kunused parameter â€˜[01m[Krequest[m[Kâ€™ [[01;35m[K]8;;https://gcc.gnu.org/onlinedocs/gcc/Warning-Options.html#index-Wunused-parameter-Wunused-parameter]8;;[m[K]
[3.770s]    31 | void responseFunction([01;35m[Kconst std::shared_ptr<custom_interfaces::srv::IMU::Request>[m[K
[3.770s]       |                       [01;35m[K~~~~~~~~~~~~~~~~~~~~~~~~~~~~~~~~~~~~~~~~~~~~~~~~~~~~~~~~~~~[m[K
[3.770s]    32 | [01;35m[Krequest[m[K, std::shared_ptr<custom_interfaces::srv::IMU::Response> response)
[3.770s]       | [01;35m[K^~~~~~~[m[K
[3.770s] [01m[K/home/DATA/DogRobot/ros2_ws/src/wit_pkg/src/readIMU.cpp:32:65:[m[K [01;35m[Kwarning: [m[Kunused parameter â€˜[01m[Kresponse[m[Kâ€™ [[01;35m[K]8;;https://gcc.gnu.org/onlinedocs/gcc/Warning-Options.html#index-Wunused-parameter-Wunused-parameter]8;;[m[K]
[3.770s]    32 | request, [01;35m[Kstd::shared_ptr<custom_interfaces::srv::IMU::Response> response[m[K)
[3.771s]       |          [01;35m[K~~~~~~~~~~~~~~~~~~~~~~~~~~~~~~~~~~~~~~~~~~~~~~~~~~~~~~~^~~~~~~~[m[K
[3.775s] [01m[K/home/DATA/DogRobot/ros2_ws/src/wit_pkg/src/readIMU.cpp:[m[K In function â€˜[01m[Kint[01;32m[K main[m[K(int, char**)[m[Kâ€™:
[3.775s] [01m[K/home/DATA/DogRobot/ros2_ws/src/wit_pkg/src/readIMU.cpp:47:9:[m[K [01;31m[Kerror: [m[Kâ€˜[01m[Kprint[m[Kâ€™ was not declared in this scope; did you mean â€˜[01m[Krint[m[Kâ€™?
[3.775s]    47 |         [01;31m[Kprint[m[K("RUN succeed");
[3.775s]       |         [01;31m[K^~~~~[m[K
[3.775s]       |         [32m[Krint[m[K
[3.791s] [01m[K/home/DATA/DogRobot/ros2_ws/src/wit_pkg/src/readIMU.cpp:43:14:[m[K [01;35m[Kwarning: [m[Kunused variable â€˜[01m[Kdir[m[Kâ€™ [[01;35m[K]8;;https://gcc.gnu.org/onlinedocs/gcc/Warning-Options.html#index-Wunused-variable-Wunused-variable]8;;[m[K]
[3.791s]    43 |         DIR *[01;35m[Kdir[m[K;
[3.792s]       |              [01;35m[K^~~[m[K
[3.792s] [01m[K/home/DATA/DogRobot/ros2_ws/src/wit_pkg/src/readIMU.cpp:44:20:[m[K [01;35m[Kwarning: [m[Kunused variable â€˜[01m[Kent[m[Kâ€™ [[01;35m[K]8;;https://gcc.gnu.org/onlinedocs/gcc/Warning-Options.html#index-Wunused-variable-Wunused-variable]8;;[m[K]
[3.792s]    44 |     struct dirent *[01;35m[Kent[m[K;
[3.792s]       |                    [01;35m[K^~~[m[K
[3.792s] [01m[K/home/DATA/DogRobot/ros2_ws/src/wit_pkg/src/readIMU.cpp:45:10:[m[K [01;35m[Kwarning: [m[Kunused variable â€˜[01m[Kserial_port[m[Kâ€™ [[01;35m[K]8;;https://gcc.gnu.org/onlinedocs/gcc/Warning-Options.html#index-Wunused-variable-Wunused-variable]8;;[m[K]
[3.792s]    45 |     char [01;35m[Kserial_port[m[K[BUFFER_SIZE];
[3.792s]       |          [01;35m[K^~~~~~~~~~~[m[K
[3.792s] [01m[K/home/DATA/DogRobot/ros2_ws/src/wit_pkg/src/readIMU.cpp:46:9:[m[K [01;35m[Kwarning: [m[Kunused variable â€˜[01m[Kfound[m[Kâ€™ [[01;35m[K]8;;https://gcc.gnu.org/onlinedocs/gcc/Warning-Options.html#index-Wunused-variable-Wunused-variable]8;;[m[K]
[3.793s]    46 |     int [01;35m[Kfound[m[K = 0;
[3.793s]       |         [01;35m[K^~~~~[m[K
[3.793s] [01m[K/home/DATA/DogRobot/ros2_ws/src/wit_pkg/src/readIMU.cpp:[m[K In function â€˜[01m[Kvoid[01;32m[K SensorDataUpdata[m[K(uint32_t, uint32_t)[m[Kâ€™:
[3.793s] [01m[K/home/DATA/DogRobot/ros2_ws/src/wit_pkg/src/readIMU.cpp:140:18:[m[K [01;35m[Kwarning: [m[Kcomparison of integer expressions of different signedness: â€˜[01m[Kint[m[Kâ€™ and â€˜[01m[Kuint32_t[m[Kâ€™ {aka â€˜[01m[Kunsigned int[m[Kâ€™} [[01;35m[K]8;;https://gcc.gnu.org/onlinedocs/gcc/Warning-Options.html#index-Wsign-compare-Wsign-compare]8;;[m[K]
[3.793s]   140 |     for(i = 0; [01;35m[Ki < uiRegNum[m[K; i++)
[3.793s]       |                [01;35m[K~~^~~~~~~~~~[m[K
[4.963s] [01m[K/home/DATA/DogRobot/ros2_ws/src/wit_pkg/src/readIMU.cpp:[m[K At global scope:
[4.963s] [01m[K/home/DATA/DogRobot/ros2_ws/src/wit_pkg/src/readIMU.cpp:179:13:[m[K [01;35m[Kwarning: [m[Kâ€˜[01m[Kvoid[01;32m[K AutoScanSensor[m[K(char*)[m[Kâ€™ defined but not used [[01;35m[K]8;;https://gcc.gnu.org/onlinedocs/gcc/Warning-Options.html#index-Wunused-function-Wunused-function]8;;[m[K]
[4.963s]   179 | static void [01;35m[KAutoScanSensor[m[K(char* dev)
[4.963s]       |             [01;35m[K^~~~~~~~~~~~~~[m[K
[4.963s] [01m[K/home/DATA/DogRobot/ros2_ws/src/wit_pkg/src/readIMU.cpp:137:13:[m[K [01;35m[Kwarning: [m[Kâ€˜[01m[Kvoid[01;32m[K SensorDataUpdata[m[K(uint32_t, uint32_t)[m[Kâ€™ defined but not used [[01;35m[K]8;;https://gcc.gnu.org/onlinedocs/gcc/Warning-Options.html#index-Wunused-function-Wunused-function]8;;[m[K]
[4.963s]   137 | static void [01;35m[KSensorDataUpdata[m[K(uint32_t uiReg, uint32_t uiRegNum)
[4.963s]       |             [01;35m[K^~~~~~~~~~~~~~~~[m[K
[4.988s] gmake[2]: *** [CMakeFiles/readIMU.dir/build.make:76: CMakeFiles/readIMU.dir/src/readIMU.cpp.o] Error 1
[4.989s] gmake[1]: *** [CMakeFiles/Makefile2:194: CMakeFiles/readIMU.dir/all] Error 2
[4.989s] gmake: *** [Makefile:146: all] Error 2
[4.991s] Invoked command in '/home/DATA/DogRobot/ros2_ws/build/wit_pkg' returned '2': CMAKE_PREFIX_PATH=/home/DATA/DogRobot/ros2_ws/install/custom_interfaces:/home/DATA/DogRobot/ros2_ws/install/wit_pkg:/opt/ros/jazzy/opt/gz_sim_vendor:/opt/ros/jazzy/opt/gz_sensors_vendor:/opt/ros/jazzy/opt/gz_physics_vendor:/opt/ros/jazzy/opt/sdformat_vendor:/opt/ros/jazzy/opt/gz_gui_vendor:/opt/ros/jazzy/opt/gz_transport_vendor:/opt/ros/jazzy/opt/gz_rendering_vendor:/opt/ros/jazzy/opt/gz_plugin_vendor:/opt/ros/jazzy/opt/gz_fuel_tools_vendor:/opt/ros/jazzy/opt/gz_msgs_vendor:/opt/ros/jazzy/opt/gz_common_vendor:/opt/ros/jazzy/opt/gz_math_vendor:/opt/ros/jazzy/opt/gz_utils_vendor:/opt/ros/jazzy/opt/gz_tools_vendor:/opt/ros/jazzy/opt/gz_ogre_next_vendor:/opt/ros/jazzy/opt/gz_dartsim_vendor:/opt/ros/jazzy/opt/gz_cmake_vendor:/home/DATA/DogRobot/ros2_ws/install/my_launch_package:/home/DATA/DogRobot/ros2_ws/install/gamepad_node:/home/DATA/DogRobot/ros2_ws/install/controller:/home/DATA/DogRobot/ros2_ws/install/can_node:/home/DATA/DogRobot/ros2_ws/install/add_integers:/opt/ros/jazzy DEBUGINFOD_URLS=https://debuginfod.ubuntu.com LD_LIBRARY_PATH=/home/DATA/DogRobot/ros2_ws/install/custom_interfaces/lib:/home/DATA/DogRobot/ros2_ws/install/wit_pkg/lib:/opt/ros/jazzy/opt/gz_sim_vendor/lib:/opt/ros/jazzy/opt/gz_sensors_vendor/lib:/opt/ros/jazzy/opt/gz_physics_vendor/lib:/opt/ros/jazzy/opt/sdformat_vendor/lib:/opt/ros/jazzy/opt/rviz_ogre_vendor/lib:/opt/ros/jazzy/lib/x86_64-linux-gnu:/opt/ros/jazzy/opt/gz_gui_vendor/lib:/opt/ros/jazzy/opt/gz_transport_vendor/lib:/opt/ros/jazzy/opt/gz_rendering_vendor/lib:/opt/ros/jazzy/opt/gz_plugin_vendor/lib:/opt/ros/jazzy/opt/gz_fuel_tools_vendor/lib:/opt/ros/jazzy/opt/gz_msgs_vendor/lib:/opt/ros/jazzy/opt/gz_common_vendor/lib:/opt/ros/jazzy/opt/gz_math_vendor/lib:/opt/ros/jazzy/opt/gz_utils_vendor/lib:/opt/ros/jazzy/opt/gz_tools_vendor/lib:/opt/ros/jazzy/opt/gz_ogre_next_vendor/lib:/opt/ros/jazzy/opt/gz_dartsim_vendor/lib:/opt/ros/jazzy/opt/gz_cmake_vendor/lib:/opt/ros/jazzy/lib PYTHONPATH=/home/DATA/DogRobot/ros2_ws/install/custom_interfaces/lib/python3.12/site-packages:/home/DATA/DogRobot/ros2_ws/install/my_launch_package/lib/python3.12/site-packages:/home/DATA/DogRobot/ros2_ws/install/gamepad_node/lib/python3.12/site-packages:/home/DATA/DogRobot/ros2_ws/install/controller/lib/python3.12/site-packages:/home/DATA/DogRobot/ros2_ws/install/can_node/lib/python3.12/site-packages:/home/DATA/DogRobot/ros2_ws/install/add_integers/lib/python3.12/site-packages:/opt/ros/jazzy/lib/python3.12/site-packages /usr/bin/cmake --build /home/DATA/DogRobot/ros2_ws/build/wit_pkg -- -j8 -l8
