[0.010s] Invoking command in '/home/DATA/DogRobot/ros2_ws/build/wit_pkg': CMAKE_PREFIX_PATH=${CMAKE_PREFIX_PATH}:/home/DATA/DogRobot/ros2_ws/install/my_launch_package:/home/DATA/DogRobot/ros2_ws/install/gamepad_node:/home/DATA/DogRobot/ros2_ws/install/controller:/home/DATA/DogRobot/ros2_ws/install/can_node:/home/DATA/DogRobot/ros2_ws/install/add_integers:/opt/ros/jazzy DEBUGINFOD_URLS=https://debuginfod.ubuntu.com /usr/bin/cmake --build /home/DATA/DogRobot/ros2_ws/build/wit_pkg -- -j8 -l8
[0.038s] -- Found ament_cmake: 2.5.2 (/opt/ros/jazzy/share/ament_cmake/cmake)
[0.257s] -- Found rclcpp: 28.1.5 (/opt/ros/jazzy/share/rclcpp/cmake)
[0.286s] -- Found rosidl_generator_c: 4.6.4 (/opt/ros/jazzy/share/rosidl_generator_c/cmake)
[0.296s] -- Found rosidl_generator_cpp: 4.6.4 (/opt/ros/jazzy/share/rosidl_generator_cpp/cmake)
[0.309s] -- Using all available rosidl_typesupport_c: rosidl_typesupport_fastrtps_c;rosidl_typesupport_introspection_c
[0.323s] -- Using all available rosidl_typesupport_cpp: rosidl_typesupport_fastrtps_cpp;rosidl_typesupport_introspection_cpp
[0.390s] -- Found rmw_implementation_cmake: 7.3.1 (/opt/ros/jazzy/share/rmw_implementation_cmake/cmake)
[0.391s] -- Found rmw_fastrtps_cpp: 8.4.1 (/opt/ros/jazzy/share/rmw_fastrtps_cpp/cmake)
[0.457s] -- Using RMW implementation 'rmw_fastrtps_cpp' as default
[0.619s] -- Configuring done (0.6s)
[0.634s] -- Generating done (0.0s)
[0.635s] -- Build files have been written to: /home/DATA/DogRobot/ros2_ws/build/wit_pkg
[0.673s] [ 16%] [32mBuilding C object CMakeFiles/cpp_exe3.dir/src/wit_c_sdk.c.o[0m
[0.676s] [ 50%] [32mBuilding C object CMakeFiles/cpp_exe2.dir/src/serial.c.o[0m
[0.676s] [ 50%] [32m[1mLinking C executable cpp_exe1[0m
[0.696s] [01m[K/home/DATA/DogRobot/ros2_ws/src/wit_pkg/src/wit_c_sdk.c:[m[K In function â€˜[01m[KWitSerialDataIn[m[Kâ€™:
[0.696s] [01m[K/home/DATA/DogRobot/ros2_ws/src/wit_pkg/src/wit_c_sdk.c:181:35:[m[K [01;35m[Kwarning: [m[Kcomparison of integer expressions of different signedness: â€˜[01m[Kuint32_t[m[Kâ€™ {aka â€˜[01m[Kunsigned int[m[Kâ€™} and â€˜[01m[Kint[m[Kâ€™ [[01;35m[K]8;;https://gcc.gnu.org/onlinedocs/gcc/Warning-Options.html#index-Wsign-compare-Wsign-compare]8;;[m[K]
[0.696s]   181 |                 if(s_uiWitDataCnt [01;35m[K<[m[K (s_ucWitDataBuff[2] + 5))return ;
[0.696s]       |                                   [01;35m[K^[m[K
[0.701s] [01m[K/home/DATA/DogRobot/ros2_ws/src/wit_pkg/src/wit_c_sdk.c:[m[K In function â€˜[01m[KWitCanDataIn[m[Kâ€™:
[0.702s] [01m[K/home/DATA/DogRobot/ros2_ws/src/wit_pkg/src/wit_c_sdk.c:238:27:[m[K [01;35m[Kwarning: [m[Kthis statement may fall through [[01;35m[K]8;;https://gcc.gnu.org/onlinedocs/gcc/Warning-Options.html#index-Wimplicit-fallthrough=-Wimplicit-fallthrough=]8;;[m[K]
[0.702s]   238 |                         if[01;35m[K([m[KucData[1] == 0x53)
[0.702s]       |                           [01;35m[K^[m[K
[0.702s] [01m[K/home/DATA/DogRobot/ros2_ws/src/wit_pkg/src/wit_c_sdk.c:251:19:[m[K [01;36m[Knote: [m[Khere
[0.702s]   251 |                   [01;36m[Kcase[m[K WIT_PROTOCOL_CAN:
[0.702s]       |                   [01;36m[K^~~~[m[K
[0.717s] [01m[K/home/DATA/DogRobot/ros2_ws/src/wit_pkg/src/serial.c:[m[K In function â€˜[01m[Kserial_open[m[Kâ€™:
[0.717s] [01m[K/home/DATA/DogRobot/ros2_ws/src/wit_pkg/src/serial.c:7:15:[m[K [01;35m[Kwarning: [m[Kpointer targets in passing argument 1 of â€˜[01m[Kopen[m[Kâ€™ differ in signedness [[01;35m[K]8;;https://gcc.gnu.org/onlinedocs/gcc/Warning-Options.html#index-Wpointer-sign-Wpointer-sign]8;;[m[K]
[0.717s]     7 |     fd = open([01;35m[Kdev[m[K, O_RDWR|O_NOCTTY);
[0.717s]       |               [01;35m[K^~~[m[K
[0.717s]       |               [01;35m[K|[m[K
[0.717s]       |               [01;35m[Kunsigned char *[m[K
[0.717s] In file included from [01m[K/home/DATA/DogRobot/ros2_ws/src/wit_pkg/include/wit_pkg/serial.h:9[m[K,
[0.718s]                  from [01m[K/home/DATA/DogRobot/ros2_ws/src/wit_pkg/src/serial.c:1[m[K:
[0.718s] [01m[K/usr/include/fcntl.h:209:30:[m[K [01;36m[Knote: [m[Kexpected â€˜[01m[Kconst char *[m[Kâ€™ but argument is of type â€˜[01m[Kunsigned char *[m[Kâ€™
[0.718s]   209 | extern int open ([01;36m[Kconst char *__file[m[K, int __oflag, ...) __nonnull ((1));
[0.718s]       |                  [01;36m[K~~~~~~~~~~~~^~~~~~[m[K
[0.723s] /usr/bin/ld: CMakeFiles/cpp_exe1.dir/src/main.c.o: warning: relocation against `sReg' in read-only section `.text'
[0.725s] /usr/bin/ld: CMakeFiles/cpp_exe1.dir/src/main.c.o: in function `main':
[0.725s] main.c:(.text+0x55): undefined reference to `serial_open'
[0.725s] /usr/bin/ld: main.c:(.text+0xc8): undefined reference to `WitInit'
[0.725s] /usr/bin/ld: main.c:(.text+0xd7): undefined reference to `WitRegisterCallBack'
[0.725s] /usr/bin/ld: main.c:(.text+0x109): undefined reference to `WitSerialDataIn'
[0.725s] /usr/bin/ld: main.c:(.text+0x122): undefined reference to `serial_read_data'
[0.725s] /usr/bin/ld: main.c:(.text+0x164): undefined reference to `sReg'
[0.725s] /usr/bin/ld: main.c:(.text+0x1aa): undefined reference to `sReg'
[0.725s] /usr/bin/ld: main.c:(.text+0x1f0): undefined reference to `sReg'
[0.725s] /usr/bin/ld: main.c:(.text+0x38b): undefined reference to `sReg'
[0.725s] /usr/bin/ld: main.c:(.text+0x395): undefined reference to `sReg'
[0.726s] /usr/bin/ld: CMakeFiles/cpp_exe1.dir/src/main.c.o:main.c:(.text+0x39f): more undefined references to `sReg' follow
[0.726s] /usr/bin/ld: CMakeFiles/cpp_exe1.dir/src/main.c.o: in function `AutoScanSensor':
[0.726s] main.c:(.text+0x4f0): undefined reference to `serial_close'
[0.726s] /usr/bin/ld: main.c:(.text+0x534): undefined reference to `serial_open'
[0.726s] /usr/bin/ld: main.c:(.text+0x557): undefined reference to `WitReadReg'
[0.726s] /usr/bin/ld: main.c:(.text+0x571): undefined reference to `WitSerialDataIn'
[0.726s] /usr/bin/ld: main.c:(.text+0x58a): undefined reference to `serial_read_data'
[0.726s] /usr/bin/ld: warning: creating DT_TEXTREL in a PIE
[0.727s] collect2: error: ld returned 1 exit status
[0.729s] gmake[2]: *** [CMakeFiles/cpp_exe1.dir/build.make:163: cpp_exe1] Error 1
[0.729s] gmake[1]: *** [CMakeFiles/Makefile2:141: CMakeFiles/cpp_exe1.dir/all] Error 2
[0.729s] gmake[1]: *** Waiting for unfinished jobs....
[0.740s] [ 66%] [32m[1mLinking C executable cpp_exe2[0m
[0.749s] [ 83%] [32m[1mLinking C executable cpp_exe3[0m
[0.786s] /usr/bin/ld: /usr/lib/gcc/x86_64-linux-gnu/13/../../../x86_64-linux-gnu/Scrt1.o: in function `_start':
[0.786s] (.text+0x1b): undefined reference to `main'
[0.788s] collect2: error: ld returned 1 exit status
[0.789s] gmake[2]: *** [CMakeFiles/cpp_exe2.dir/build.make:163: cpp_exe2] Error 1
[0.789s] gmake[1]: *** [CMakeFiles/Makefile2:167: CMakeFiles/cpp_exe2.dir/all] Error 2
[0.795s] /usr/bin/ld: /usr/lib/gcc/x86_64-linux-gnu/13/../../../x86_64-linux-gnu/Scrt1.o: in function `_start':
[0.795s] (.text+0x1b): undefined reference to `main'
[0.797s] collect2: error: ld returned 1 exit status
[0.798s] gmake[2]: *** [CMakeFiles/cpp_exe3.dir/build.make:163: cpp_exe3] Error 1
[0.799s] gmake[1]: *** [CMakeFiles/Makefile2:193: CMakeFiles/cpp_exe3.dir/all] Error 2
[0.799s] gmake: *** [Makefile:146: all] Error 2
[0.800s] Invoked command in '/home/DATA/DogRobot/ros2_ws/build/wit_pkg' returned '2': CMAKE_PREFIX_PATH=${CMAKE_PREFIX_PATH}:/home/DATA/DogRobot/ros2_ws/install/my_launch_package:/home/DATA/DogRobot/ros2_ws/install/gamepad_node:/home/DATA/DogRobot/ros2_ws/install/controller:/home/DATA/DogRobot/ros2_ws/install/can_node:/home/DATA/DogRobot/ros2_ws/install/add_integers:/opt/ros/jazzy DEBUGINFOD_URLS=https://debuginfod.ubuntu.com /usr/bin/cmake --build /home/DATA/DogRobot/ros2_ws/build/wit_pkg -- -j8 -l8
